2019/12/02-08:39 [restartedMain] INFO  com.demo.practical_training.MainApplication- Starting MainApplication on LAPTOP-1PCFIL5N with PID 4640 (D:\ideaProject\news_manage_background\target\classes started by 王至仲 in D:\ideaProject\news_manage_background)
2019/12/02-08:39 [restartedMain] INFO  com.demo.practical_training.MainApplication- No active profile set, falling back to default profiles: default
2019/12/02-08:39 [restartedMain] INFO  org.springframework.boot.web.servlet.context.AnnotationConfigServletWebServerApplicationContext- Refreshing org.springframework.boot.web.servlet.context.AnnotationConfigServletWebServerApplicationContext@3729b2e0: startup date [Mon Dec 02 08:39:28 CST 2019]; root of context hierarchy
2019/12/02-08:39 [restartedMain] INFO  org.springframework.context.support.PostProcessorRegistrationDelegate$BeanPostProcessorChecker- Bean 'org.springframework.transaction.annotation.ProxyTransactionManagementConfiguration' of type [org.springframework.transaction.annotation.ProxyTransactionManagementConfiguration$$EnhancerBySpringCGLIB$$90360403] is not eligible for getting processed by all BeanPostProcessors (for example: not eligible for auto-proxying)
2019/12/02-08:39 [restartedMain] INFO  org.springframework.boot.web.embedded.tomcat.TomcatWebServer- Tomcat initialized with port(s): 8888 (http)
2019/12/02-08:39 [restartedMain] INFO  org.apache.catalina.core.StandardService- Starting service [Tomcat]
2019/12/02-08:39 [restartedMain] INFO  org.apache.catalina.core.StandardEngine- Starting Servlet Engine: Apache Tomcat/8.5.29
2019/12/02-08:39 [localhost-startStop-1] INFO  org.apache.catalina.core.AprLifecycleListener- Loaded APR based Apache Tomcat Native library [1.2.21] using APR version [1.6.5].
2019/12/02-08:39 [localhost-startStop-1] INFO  org.apache.catalina.core.AprLifecycleListener- APR capabilities: IPv6 [true], sendfile [true], accept filters [false], random [true].
2019/12/02-08:39 [localhost-startStop-1] INFO  org.apache.catalina.core.AprLifecycleListener- APR/OpenSSL configuration: useAprConnector [false], useOpenSSL [true]
2019/12/02-08:39 [localhost-startStop-1] INFO  org.apache.catalina.core.AprLifecycleListener- OpenSSL successfully initialized [OpenSSL 1.1.1a  20 Nov 2018]
2019/12/02-08:39 [localhost-startStop-1] INFO  org.apache.catalina.core.ContainerBase.[Tomcat].[localhost].[/]- Initializing Spring embedded WebApplicationContext
2019/12/02-08:39 [localhost-startStop-1] INFO  org.springframework.web.context.ContextLoader- Root WebApplicationContext: initialization completed in 4522 ms
2019/12/02-08:39 [localhost-startStop-1] INFO  org.springframework.boot.web.servlet.ServletRegistrationBean- Servlet dispatcherServlet mapped to [/]
2019/12/02-08:39 [localhost-startStop-1] INFO  org.springframework.boot.web.servlet.FilterRegistrationBean- Mapping filter: 'characterEncodingFilter' to: [/*]
2019/12/02-08:39 [restartedMain] INFO  com.zaxxer.hikari.HikariDataSource- HikariPool-1 - Starting...
2019/12/02-08:39 [restartedMain] INFO  com.zaxxer.hikari.HikariDataSource- HikariPool-1 - Start completed.
2019/12/02-08:39 [restartedMain] INFO  org.springframework.orm.jpa.LocalContainerEntityManagerFactoryBean- Building JPA container EntityManagerFactory for persistence unit 'default'
2019/12/02-08:39 [restartedMain] INFO  org.hibernate.jpa.internal.util.LogHelper- HHH000204: Processing PersistenceUnitInfo [
	name: default
	...]
2019/12/02-08:39 [restartedMain] INFO  org.hibernate.Version- HHH000412: Hibernate Core {5.2.16.Final}
2019/12/02-08:39 [restartedMain] INFO  org.hibernate.cfg.Environment- HHH000206: hibernate.properties not found
2019/12/02-08:39 [restartedMain] INFO  org.hibernate.annotations.common.Version- HCANN000001: Hibernate Commons Annotations {5.0.1.Final}
2019/12/02-08:39 [restartedMain] INFO  org.hibernate.dialect.Dialect- HHH000400: Using dialect: org.hibernate.dialect.MySQL5InnoDBDialect
2019/12/02-08:39 [restartedMain] WARN  org.hibernate.id.UUIDHexGenerator- HHH000409: Using org.hibernate.id.UUIDHexGenerator which does not generate IETF RFC 4122 compliant UUID values; consider using org.hibernate.id.UUIDGenerator instead
2019/12/02-08:39 [restartedMain] INFO  org.springframework.orm.jpa.LocalContainerEntityManagerFactoryBean- Initialized JPA EntityManagerFactory for persistence unit 'default'
2019/12/02-08:39 [restartedMain] INFO  org.springframework.web.servlet.mvc.method.annotation.RequestMappingHandlerMapping- Mapped "{[/manage/admin],methods=[POST]}" onto public com.demo.practical_training.model.response.AdminResult com.demo.practical_training.manage.web.controller.AdminController.add(com.demo.practical_training.entity.Admin)
2019/12/02-08:39 [restartedMain] INFO  org.springframework.web.servlet.mvc.method.annotation.RequestMappingHandlerMapping- Mapped "{[/manage/admin/id/{id}],methods=[PUT]}" onto public com.demo.practical_training.model.response.AdminResult com.demo.practical_training.manage.web.controller.AdminController.update(java.lang.String,com.demo.practical_training.entity.Admin)
2019/12/02-08:39 [restartedMain] INFO  org.springframework.web.servlet.mvc.method.annotation.RequestMappingHandlerMapping- Mapped "{[/manage/admin/id/{id}],methods=[DELETE]}" onto public com.demo.practical_training.common.response.ResponseResult com.demo.practical_training.manage.web.controller.AdminController.delete(java.lang.String)
2019/12/02-08:39 [restartedMain] INFO  org.springframework.web.servlet.mvc.method.annotation.RequestMappingHandlerMapping- Mapped "{[/manage/admin/id/{id}],methods=[GET]}" onto public com.demo.practical_training.entity.Admin com.demo.practical_training.manage.web.controller.AdminController.findOne(java.lang.String)
2019/12/02-08:39 [restartedMain] INFO  org.springframework.web.servlet.mvc.method.annotation.RequestMappingHandlerMapping- Mapped "{[/manage/admin/reviewNewsPublish/{id}],methods=[PUT]}" onto public com.demo.practical_training.common.response.ResponseResult com.demo.practical_training.manage.web.controller.AdminController.reviewNewsPublish(java.lang.String,com.demo.practical_training.entity.News)
2019/12/02-08:39 [restartedMain] INFO  org.springframework.web.servlet.mvc.method.annotation.RequestMappingHandlerMapping- Mapped "{[/manage/admin/reviewUserVerified/{id}],methods=[PUT]}" onto public com.demo.practical_training.common.response.ResponseResult com.demo.practical_training.manage.web.controller.AdminController.reviewUserVerified(java.lang.String,com.demo.practical_training.entity.User)
2019/12/02-08:39 [restartedMain] INFO  org.springframework.web.servlet.mvc.method.annotation.RequestMappingHandlerMapping- Mapped "{[/manage/admin/reviewUserBecomePublish/{id}],methods=[PUT]}" onto public com.demo.practical_training.common.response.ResponseResult com.demo.practical_training.manage.web.controller.AdminController.reviewUserBecomePublish(java.lang.String,com.demo.practical_training.entity.User)
2019/12/02-08:39 [restartedMain] INFO  org.springframework.web.servlet.mvc.method.annotation.RequestMappingHandlerMapping- Mapped "{[/manage/admin/reviewUserBecomeUser/{id}],methods=[PUT]}" onto public com.demo.practical_training.common.response.ResponseResult com.demo.practical_training.manage.web.controller.AdminController.reviewUserBecomeUser(java.lang.String,com.demo.practical_training.entity.User)
2019/12/02-08:39 [restartedMain] INFO  org.springframework.web.servlet.mvc.method.annotation.RequestMappingHandlerMapping- Mapped "{[/manage/admin/ManagementAdmin/{id}],methods=[PUT]}" onto public com.demo.practical_training.common.response.ResponseResult com.demo.practical_training.manage.web.controller.AdminController.ManagementAdmin(java.lang.String,com.demo.practical_training.entity.Admin)
2019/12/02-08:39 [restartedMain] INFO  org.springframework.web.servlet.mvc.method.annotation.RequestMappingHandlerMapping- Mapped "{[/manage/admin/reviewUser/{id}],methods=[PUT]}" onto public com.demo.practical_training.common.response.ResponseResult com.demo.practical_training.manage.web.controller.AdminController.reviewUser(java.lang.String)
2019/12/02-08:39 [restartedMain] INFO  org.springframework.web.servlet.mvc.method.annotation.RequestMappingHandlerMapping- Mapped "{[/manage/admin/reviewNews/{id}],methods=[PUT]}" onto public com.demo.practical_training.common.response.ResponseResult com.demo.practical_training.manage.web.controller.AdminController.reviewNews(java.lang.String)
2019/12/02-08:39 [restartedMain] INFO  org.springframework.web.servlet.mvc.method.annotation.RequestMappingHandlerMapping- Mapped "{[/manage/admin],methods=[GET]}" onto public com.demo.practical_training.common.response.QueryResponseResult com.demo.practical_training.manage.web.controller.AdminController.findList(com.demo.practical_training.common.web.STablePageRequest,com.demo.practical_training.model.request.QueryAdminRequest)
2019/12/02-08:39 [restartedMain] INFO  org.springframework.web.servlet.mvc.method.annotation.RequestMappingHandlerMapping- Mapped "{[/]}" onto public java.lang.String com.demo.practical_training.manage.web.controller.AdminLoginController.index(org.springframework.ui.ModelMap)
2019/12/02-08:39 [restartedMain] INFO  org.springframework.web.servlet.mvc.method.annotation.RequestMappingHandlerMapping- Mapped "{[/adminLogin],methods=[POST]}" onto public java.lang.String com.demo.practical_training.manage.web.controller.AdminLoginController.login(javax.servlet.http.HttpServletRequest)
2019/12/02-08:39 [restartedMain] INFO  org.springframework.web.servlet.mvc.method.annotation.RequestMappingHandlerMapping- Mapped "{[/adminLogin],methods=[GET]}" onto public java.lang.String com.demo.practical_training.manage.web.controller.AdminLoginController.login()
2019/12/02-08:39 [restartedMain] INFO  org.springframework.web.servlet.mvc.method.annotation.RequestMappingHandlerMapping- Mapped "{[/manage/NewsViolation],methods=[POST]}" onto public com.demo.practical_training.model.response.NewsViolationResult com.demo.practical_training.manage.web.controller.NesViolationController.add(com.demo.practical_training.entity.NewsViolation)
2019/12/02-08:39 [restartedMain] INFO  org.springframework.web.servlet.mvc.method.annotation.RequestMappingHandlerMapping- Mapped "{[/manage/NewsViolation/id/{id}],methods=[PUT]}" onto public com.demo.practical_training.model.response.NewsViolationResult com.demo.practical_training.manage.web.controller.NesViolationController.update(java.lang.String,com.demo.practical_training.entity.NewsViolation)
2019/12/02-08:39 [restartedMain] INFO  org.springframework.web.servlet.mvc.method.annotation.RequestMappingHandlerMapping- Mapped "{[/manage/NewsViolation/id/{id}],methods=[DELETE]}" onto public com.demo.practical_training.common.response.ResponseResult com.demo.practical_training.manage.web.controller.NesViolationController.delete(java.lang.String)
2019/12/02-08:39 [restartedMain] INFO  org.springframework.web.servlet.mvc.method.annotation.RequestMappingHandlerMapping- Mapped "{[/manage/NewsViolation/id/{id}],methods=[GET]}" onto public com.demo.practical_training.entity.NewsViolation com.demo.practical_training.manage.web.controller.NesViolationController.findOne(java.lang.String)
2019/12/02-08:39 [restartedMain] INFO  org.springframework.web.servlet.mvc.method.annotation.RequestMappingHandlerMapping- Mapped "{[/manage/NewsViolation],methods=[GET]}" onto public com.demo.practical_training.common.response.QueryResponseResult com.demo.practical_training.manage.web.controller.NesViolationController.findList(com.demo.practical_training.common.web.STablePageRequest,com.demo.practical_training.model.request.QueryNewsViolationRequest)
2019/12/02-08:39 [restartedMain] INFO  org.springframework.web.servlet.mvc.method.annotation.RequestMappingHandlerMapping- Mapped "{[/manage/news],methods=[POST]}" onto public com.demo.practical_training.model.response.NewsResult com.demo.practical_training.manage.web.controller.NewsController.add(com.demo.practical_training.entity.News)
2019/12/02-08:39 [restartedMain] INFO  org.springframework.web.servlet.mvc.method.annotation.RequestMappingHandlerMapping- Mapped "{[/manage/news/id/{id}],methods=[PUT]}" onto public com.demo.practical_training.model.response.NewsResult com.demo.practical_training.manage.web.controller.NewsController.update(java.lang.String,com.demo.practical_training.entity.News)
2019/12/02-08:39 [restartedMain] INFO  org.springframework.web.servlet.mvc.method.annotation.RequestMappingHandlerMapping- Mapped "{[/manage/news/id/{id}],methods=[DELETE]}" onto public com.demo.practical_training.common.response.ResponseResult com.demo.practical_training.manage.web.controller.NewsController.delete(java.lang.String)
2019/12/02-08:39 [restartedMain] INFO  org.springframework.web.servlet.mvc.method.annotation.RequestMappingHandlerMapping- Mapped "{[/manage/news/id/{id}],methods=[GET]}" onto public com.demo.practical_training.entity.News com.demo.practical_training.manage.web.controller.NewsController.findOne(java.lang.String)
2019/12/02-08:39 [restartedMain] INFO  org.springframework.web.servlet.mvc.method.annotation.RequestMappingHandlerMapping- Mapped "{[/manage/news],methods=[GET]}" onto public com.demo.practical_training.common.response.QueryResponseResult com.demo.practical_training.manage.web.controller.NewsController.findList(com.demo.practical_training.common.web.STablePageRequest,com.demo.practical_training.model.request.QueryNewsRequest)
2019/12/02-08:39 [restartedMain] INFO  org.springframework.web.servlet.mvc.method.annotation.RequestMappingHandlerMapping- Mapped "{[/manage/newsReport],methods=[POST]}" onto public com.demo.practical_training.model.response.NewsReportResult com.demo.practical_training.manage.web.controller.NewsReportController.add(com.demo.practical_training.entity.NewsReport)
2019/12/02-08:39 [restartedMain] INFO  org.springframework.web.servlet.mvc.method.annotation.RequestMappingHandlerMapping- Mapped "{[/manage/newsReport/id/{id}],methods=[PUT]}" onto public com.demo.practical_training.model.response.NewsReportResult com.demo.practical_training.manage.web.controller.NewsReportController.update(java.lang.String,com.demo.practical_training.entity.NewsReport)
2019/12/02-08:39 [restartedMain] INFO  org.springframework.web.servlet.mvc.method.annotation.RequestMappingHandlerMapping- Mapped "{[/manage/newsReport/id/{id}],methods=[DELETE]}" onto public com.demo.practical_training.common.response.ResponseResult com.demo.practical_training.manage.web.controller.NewsReportController.delete(java.lang.String)
2019/12/02-08:39 [restartedMain] INFO  org.springframework.web.servlet.mvc.method.annotation.RequestMappingHandlerMapping- Mapped "{[/manage/newsReport/id/{id}],methods=[GET]}" onto public com.demo.practical_training.entity.NewsReport com.demo.practical_training.manage.web.controller.NewsReportController.findOne(java.lang.String)
2019/12/02-08:39 [restartedMain] INFO  org.springframework.web.servlet.mvc.method.annotation.RequestMappingHandlerMapping- Mapped "{[/manage/newsReport],methods=[GET]}" onto public com.demo.practical_training.common.response.QueryResponseResult com.demo.practical_training.manage.web.controller.NewsReportController.findList(com.demo.practical_training.common.web.STablePageRequest,com.demo.practical_training.model.request.QueryNewsReportRequest)
2019/12/02-08:39 [restartedMain] INFO  org.springframework.web.servlet.mvc.method.annotation.RequestMappingHandlerMapping- Mapped "{[/manage/user],methods=[POST]}" onto public com.demo.practical_training.model.response.UserResult com.demo.practical_training.manage.web.controller.UserController.add(com.demo.practical_training.entity.User)
2019/12/02-08:39 [restartedMain] INFO  org.springframework.web.servlet.mvc.method.annotation.RequestMappingHandlerMapping- Mapped "{[/manage/user/id/{id}],methods=[PUT]}" onto public com.demo.practical_training.model.response.UserResult com.demo.practical_training.manage.web.controller.UserController.update(java.lang.String,com.demo.practical_training.entity.User)
2019/12/02-08:39 [restartedMain] INFO  org.springframework.web.servlet.mvc.method.annotation.RequestMappingHandlerMapping- Mapped "{[/manage/user/id/{id}],methods=[DELETE]}" onto public com.demo.practical_training.common.response.ResponseResult com.demo.practical_training.manage.web.controller.UserController.delete(java.lang.String)
2019/12/02-08:39 [restartedMain] INFO  org.springframework.web.servlet.mvc.method.annotation.RequestMappingHandlerMapping- Mapped "{[/manage/user/id/{id}],methods=[GET]}" onto public com.demo.practical_training.entity.User com.demo.practical_training.manage.web.controller.UserController.findOne(java.lang.String)
2019/12/02-08:39 [restartedMain] INFO  org.springframework.web.servlet.mvc.method.annotation.RequestMappingHandlerMapping- Mapped "{[/manage/user],methods=[GET]}" onto public com.demo.practical_training.common.response.QueryResponseResult com.demo.practical_training.manage.web.controller.UserController.findList(com.demo.practical_training.common.web.STablePageRequest,com.demo.practical_training.model.request.QueryUserRequest)
2019/12/02-08:39 [restartedMain] INFO  org.springframework.web.servlet.mvc.method.annotation.RequestMappingHandlerMapping- Mapped "{[/swagger-resources/configuration/security]}" onto public org.springframework.http.ResponseEntity<springfox.documentation.swagger.web.SecurityConfiguration> springfox.documentation.swagger.web.ApiResourceController.securityConfiguration()
2019/12/02-08:39 [restartedMain] INFO  org.springframework.web.servlet.mvc.method.annotation.RequestMappingHandlerMapping- Mapped "{[/swagger-resources]}" onto public org.springframework.http.ResponseEntity<java.util.List<springfox.documentation.swagger.web.SwaggerResource>> springfox.documentation.swagger.web.ApiResourceController.swaggerResources()
2019/12/02-08:39 [restartedMain] INFO  org.springframework.web.servlet.mvc.method.annotation.RequestMappingHandlerMapping- Mapped "{[/swagger-resources/configuration/ui]}" onto public org.springframework.http.ResponseEntity<springfox.documentation.swagger.web.UiConfiguration> springfox.documentation.swagger.web.ApiResourceController.uiConfiguration()
2019/12/02-08:39 [restartedMain] INFO  org.springframework.web.servlet.mvc.method.annotation.RequestMappingHandlerMapping- Mapped "{[/error]}" onto public org.springframework.http.ResponseEntity<java.util.Map<java.lang.String, java.lang.Object>> org.springframework.boot.autoconfigure.web.servlet.error.BasicErrorController.error(javax.servlet.http.HttpServletRequest)
2019/12/02-08:39 [restartedMain] INFO  org.springframework.web.servlet.mvc.method.annotation.RequestMappingHandlerMapping- Mapped "{[/error],produces=[text/html]}" onto public org.springframework.web.servlet.ModelAndView org.springframework.boot.autoconfigure.web.servlet.error.BasicErrorController.errorHtml(javax.servlet.http.HttpServletRequest,javax.servlet.http.HttpServletResponse)
2019/12/02-08:39 [restartedMain] INFO  org.springframework.web.servlet.mvc.method.annotation.RequestMappingHandlerAdapter- Looking for @ControllerAdvice: org.springframework.boot.web.servlet.context.AnnotationConfigServletWebServerApplicationContext@3729b2e0: startup date [Mon Dec 02 08:39:28 CST 2019]; root of context hierarchy
2019/12/02-08:39 [restartedMain] INFO  org.springframework.web.servlet.mvc.method.annotation.ExceptionHandlerExceptionResolver- Detected @ExceptionHandler methods in exceptionCatch
2019/12/02-08:39 [restartedMain] INFO  springfox.documentation.spring.web.PropertySourcedRequestMappingHandlerMapping- Mapped URL path [/v2/api-docs] onto method [public org.springframework.http.ResponseEntity<springfox.documentation.spring.web.json.Json> springfox.documentation.swagger2.web.Swagger2Controller.getDocumentation(java.lang.String,javax.servlet.http.HttpServletRequest)]
2019/12/02-08:39 [restartedMain] INFO  org.springframework.boot.devtools.autoconfigure.OptionalLiveReloadServer- LiveReload server is running on port 35729
2019/12/02-08:39 [restartedMain] INFO  org.springframework.jmx.export.annotation.AnnotationMBeanExporter- Registering beans for JMX exposure on startup
2019/12/02-08:39 [restartedMain] INFO  org.springframework.jmx.export.annotation.AnnotationMBeanExporter- Bean with name 'dataSource' has been autodetected for JMX exposure
2019/12/02-08:39 [restartedMain] INFO  org.springframework.jmx.export.annotation.AnnotationMBeanExporter- Located MBean 'dataSource': registering with JMX server as MBean [com.zaxxer.hikari:name=dataSource,type=HikariDataSource]
2019/12/02-08:39 [restartedMain] INFO  org.springframework.context.support.DefaultLifecycleProcessor- Starting beans in phase 2147483647
2019/12/02-08:39 [restartedMain] INFO  springfox.documentation.spring.web.plugins.DocumentationPluginsBootstrapper- Context refreshed
2019/12/02-08:39 [restartedMain] INFO  springfox.documentation.spring.web.plugins.DocumentationPluginsBootstrapper- Found 1 custom documentation plugin(s)
2019/12/02-08:39 [restartedMain] INFO  springfox.documentation.spring.web.scanners.ApiListingReferenceScanner- Scanning for api listing references
2019/12/02-08:39 [restartedMain] WARN  springfox.documentation.spring.web.readers.parameter.ParameterDataTypeReader- Trying to infer dataType org.springframework.ui.ModelMap
2019/12/02-08:39 [restartedMain] WARN  springfox.documentation.spring.web.readers.parameter.ParameterDataTypeReader- Trying to infer dataType org.springframework.ui.ModelMap
2019/12/02-08:39 [restartedMain] WARN  springfox.documentation.spring.web.readers.parameter.ParameterDataTypeReader- Trying to infer dataType org.springframework.ui.ModelMap
2019/12/02-08:39 [restartedMain] WARN  springfox.documentation.spring.web.readers.parameter.ParameterDataTypeReader- Trying to infer dataType org.springframework.ui.ModelMap
2019/12/02-08:39 [restartedMain] WARN  springfox.documentation.spring.web.readers.parameter.ParameterDataTypeReader- Trying to infer dataType org.springframework.ui.ModelMap
2019/12/02-08:39 [restartedMain] WARN  springfox.documentation.spring.web.readers.parameter.ParameterDataTypeReader- Trying to infer dataType org.springframework.ui.ModelMap
2019/12/02-08:39 [restartedMain] WARN  springfox.documentation.spring.web.readers.parameter.ParameterDataTypeReader- Trying to infer dataType org.springframework.ui.ModelMap
2019/12/02-08:39 [restartedMain] WARN  springfox.documentation.spring.web.readers.parameter.ParameterDataTypeReader- Trying to infer dataType org.springframework.ui.ModelMap
2019/12/02-08:39 [restartedMain] INFO  springfox.documentation.spring.web.readers.operation.CachingOperationNameGenerator- Generating unique operation named: addUsingPOST_1
2019/12/02-08:39 [restartedMain] INFO  springfox.documentation.spring.web.readers.operation.CachingOperationNameGenerator- Generating unique operation named: deleteUsingDELETE_1
2019/12/02-08:39 [restartedMain] INFO  springfox.documentation.spring.web.readers.operation.CachingOperationNameGenerator- Generating unique operation named: findListUsingGET_1
2019/12/02-08:39 [restartedMain] INFO  springfox.documentation.spring.web.readers.operation.CachingOperationNameGenerator- Generating unique operation named: findOneUsingGET_1
2019/12/02-08:39 [restartedMain] INFO  springfox.documentation.spring.web.readers.operation.CachingOperationNameGenerator- Generating unique operation named: updateUsingPUT_1
2019/12/02-08:39 [restartedMain] INFO  springfox.documentation.spring.web.readers.operation.CachingOperationNameGenerator- Generating unique operation named: addUsingPOST_2
2019/12/02-08:39 [restartedMain] INFO  springfox.documentation.spring.web.readers.operation.CachingOperationNameGenerator- Generating unique operation named: deleteUsingDELETE_2
2019/12/02-08:39 [restartedMain] INFO  springfox.documentation.spring.web.readers.operation.CachingOperationNameGenerator- Generating unique operation named: findListUsingGET_2
2019/12/02-08:39 [restartedMain] INFO  springfox.documentation.spring.web.readers.operation.CachingOperationNameGenerator- Generating unique operation named: findOneUsingGET_2
2019/12/02-08:39 [restartedMain] INFO  springfox.documentation.spring.web.readers.operation.CachingOperationNameGenerator- Generating unique operation named: updateUsingPUT_2
2019/12/02-08:39 [restartedMain] INFO  springfox.documentation.spring.web.readers.operation.CachingOperationNameGenerator- Generating unique operation named: addUsingPOST_3
2019/12/02-08:39 [restartedMain] INFO  springfox.documentation.spring.web.readers.operation.CachingOperationNameGenerator- Generating unique operation named: deleteUsingDELETE_3
2019/12/02-08:39 [restartedMain] INFO  springfox.documentation.spring.web.readers.operation.CachingOperationNameGenerator- Generating unique operation named: findListUsingGET_3
2019/12/02-08:39 [restartedMain] INFO  springfox.documentation.spring.web.readers.operation.CachingOperationNameGenerator- Generating unique operation named: findOneUsingGET_3
2019/12/02-08:39 [restartedMain] INFO  springfox.documentation.spring.web.readers.operation.CachingOperationNameGenerator- Generating unique operation named: updateUsingPUT_3
2019/12/02-08:39 [restartedMain] INFO  springfox.documentation.spring.web.readers.operation.CachingOperationNameGenerator- Generating unique operation named: addUsingPOST_4
2019/12/02-08:39 [restartedMain] INFO  springfox.documentation.spring.web.readers.operation.CachingOperationNameGenerator- Generating unique operation named: deleteUsingDELETE_4
2019/12/02-08:39 [restartedMain] INFO  springfox.documentation.spring.web.readers.operation.CachingOperationNameGenerator- Generating unique operation named: findListUsingGET_4
2019/12/02-08:39 [restartedMain] INFO  springfox.documentation.spring.web.readers.operation.CachingOperationNameGenerator- Generating unique operation named: findOneUsingGET_4
2019/12/02-08:39 [restartedMain] INFO  springfox.documentation.spring.web.readers.operation.CachingOperationNameGenerator- Generating unique operation named: updateUsingPUT_4
2019/12/02-08:39 [restartedMain] INFO  org.springframework.boot.web.embedded.tomcat.TomcatWebServer- Tomcat started on port(s): 8888 (http) with context path ''
2019/12/02-08:39 [restartedMain] INFO  com.demo.practical_training.MainApplication- Started MainApplication in 18.867 seconds (JVM running for 22.594)
2019/12/02-08:39 [http-nio-8888-exec-1] INFO  org.apache.tomcat.util.http.parser.Cookie- A cookie header was received [1574664219] that contained an invalid cookie. That cookie will be ignored.Note: further occurrences of this error will be logged at DEBUG level.
2019/12/02-08:39 [http-nio-8888-exec-1] INFO  org.apache.catalina.core.ContainerBase.[Tomcat].[localhost].[/]- Initializing Spring FrameworkServlet 'dispatcherServlet'
2019/12/02-08:39 [http-nio-8888-exec-1] INFO  org.springframework.web.servlet.DispatcherServlet- FrameworkServlet 'dispatcherServlet': initialization started
2019/12/02-08:39 [http-nio-8888-exec-1] INFO  org.springframework.web.servlet.DispatcherServlet- FrameworkServlet 'dispatcherServlet': initialization completed in 19 ms
2019/12/02-08:39 [http-nio-8888-exec-1] WARN  org.springframework.web.servlet.PageNotFound- No mapping found for HTTP request with URI [/swagger-ui.html] in DispatcherServlet with name 'dispatcherServlet'
2019/12/02-08:39 [http-nio-8888-exec-2] WARN  org.springframework.web.servlet.PageNotFound- No mapping found for HTTP request with URI [/favicon.ico] in DispatcherServlet with name 'dispatcherServlet'
2019/12/02-08:39 [http-nio-8888-exec-3] WARN  org.springframework.web.servlet.PageNotFound- No mapping found for HTTP request with URI [/swagger-ui.html] in DispatcherServlet with name 'dispatcherServlet'
2019/12/02-08:42 [restartedMain] INFO  com.demo.practical_training.MainApplication- Starting MainApplication on LAPTOP-1PCFIL5N with PID 12168 (D:\ideaProject\news_manage_background\target\classes started by 王至仲 in D:\ideaProject\news_manage_background)
2019/12/02-08:42 [restartedMain] INFO  com.demo.practical_training.MainApplication- No active profile set, falling back to default profiles: default
2019/12/02-08:42 [restartedMain] INFO  org.springframework.boot.web.servlet.context.AnnotationConfigServletWebServerApplicationContext- Refreshing org.springframework.boot.web.servlet.context.AnnotationConfigServletWebServerApplicationContext@75cef82d: startup date [Mon Dec 02 08:42:54 CST 2019]; root of context hierarchy
2019/12/02-08:42 [restartedMain] INFO  org.springframework.context.support.PostProcessorRegistrationDelegate$BeanPostProcessorChecker- Bean 'org.springframework.transaction.annotation.ProxyTransactionManagementConfiguration' of type [org.springframework.transaction.annotation.ProxyTransactionManagementConfiguration$$EnhancerBySpringCGLIB$$bfe74a56] is not eligible for getting processed by all BeanPostProcessors (for example: not eligible for auto-proxying)
2019/12/02-08:42 [restartedMain] INFO  org.springframework.boot.web.embedded.tomcat.TomcatWebServer- Tomcat initialized with port(s): 8888 (http)
2019/12/02-08:42 [restartedMain] INFO  org.apache.catalina.core.StandardService- Starting service [Tomcat]
2019/12/02-08:42 [restartedMain] INFO  org.apache.catalina.core.StandardEngine- Starting Servlet Engine: Apache Tomcat/8.5.29
2019/12/02-08:42 [localhost-startStop-1] INFO  org.apache.catalina.core.AprLifecycleListener- Loaded APR based Apache Tomcat Native library [1.2.21] using APR version [1.6.5].
2019/12/02-08:42 [localhost-startStop-1] INFO  org.apache.catalina.core.AprLifecycleListener- APR capabilities: IPv6 [true], sendfile [true], accept filters [false], random [true].
2019/12/02-08:42 [localhost-startStop-1] INFO  org.apache.catalina.core.AprLifecycleListener- APR/OpenSSL configuration: useAprConnector [false], useOpenSSL [true]
2019/12/02-08:42 [localhost-startStop-1] INFO  org.apache.catalina.core.AprLifecycleListener- OpenSSL successfully initialized [OpenSSL 1.1.1a  20 Nov 2018]
2019/12/02-08:42 [localhost-startStop-1] INFO  org.apache.catalina.core.ContainerBase.[Tomcat].[localhost].[/]- Initializing Spring embedded WebApplicationContext
2019/12/02-08:42 [localhost-startStop-1] INFO  org.springframework.web.context.ContextLoader- Root WebApplicationContext: initialization completed in 3825 ms
2019/12/02-08:42 [localhost-startStop-1] INFO  org.springframework.boot.web.servlet.ServletRegistrationBean- Servlet dispatcherServlet mapped to [/]
2019/12/02-08:42 [localhost-startStop-1] INFO  org.springframework.boot.web.servlet.FilterRegistrationBean- Mapping filter: 'characterEncodingFilter' to: [/*]
2019/12/02-08:42 [restartedMain] INFO  com.zaxxer.hikari.HikariDataSource- HikariPool-1 - Starting...
2019/12/02-08:42 [restartedMain] INFO  com.zaxxer.hikari.HikariDataSource- HikariPool-1 - Start completed.
2019/12/02-08:42 [restartedMain] INFO  org.springframework.orm.jpa.LocalContainerEntityManagerFactoryBean- Building JPA container EntityManagerFactory for persistence unit 'default'
2019/12/02-08:42 [restartedMain] INFO  org.hibernate.jpa.internal.util.LogHelper- HHH000204: Processing PersistenceUnitInfo [
	name: default
	...]
2019/12/02-08:42 [restartedMain] INFO  org.hibernate.Version- HHH000412: Hibernate Core {5.2.16.Final}
2019/12/02-08:42 [restartedMain] INFO  org.hibernate.cfg.Environment- HHH000206: hibernate.properties not found
2019/12/02-08:42 [restartedMain] INFO  org.hibernate.annotations.common.Version- HCANN000001: Hibernate Commons Annotations {5.0.1.Final}
2019/12/02-08:42 [restartedMain] INFO  org.hibernate.dialect.Dialect- HHH000400: Using dialect: org.hibernate.dialect.MySQL5InnoDBDialect
2019/12/02-08:42 [restartedMain] WARN  org.hibernate.id.UUIDHexGenerator- HHH000409: Using org.hibernate.id.UUIDHexGenerator which does not generate IETF RFC 4122 compliant UUID values; consider using org.hibernate.id.UUIDGenerator instead
2019/12/02-08:43 [restartedMain] INFO  org.springframework.orm.jpa.LocalContainerEntityManagerFactoryBean- Initialized JPA EntityManagerFactory for persistence unit 'default'
2019/12/02-08:43 [restartedMain] INFO  org.springframework.web.servlet.mvc.method.annotation.RequestMappingHandlerMapping- Mapped "{[/manage/admin],methods=[POST]}" onto public com.demo.practical_training.model.response.AdminResult com.demo.practical_training.manage.web.controller.AdminController.add(com.demo.practical_training.entity.Admin)
2019/12/02-08:43 [restartedMain] INFO  org.springframework.web.servlet.mvc.method.annotation.RequestMappingHandlerMapping- Mapped "{[/manage/admin/id/{id}],methods=[PUT]}" onto public com.demo.practical_training.model.response.AdminResult com.demo.practical_training.manage.web.controller.AdminController.update(java.lang.String,com.demo.practical_training.entity.Admin)
2019/12/02-08:43 [restartedMain] INFO  org.springframework.web.servlet.mvc.method.annotation.RequestMappingHandlerMapping- Mapped "{[/manage/admin/id/{id}],methods=[DELETE]}" onto public com.demo.practical_training.common.response.ResponseResult com.demo.practical_training.manage.web.controller.AdminController.delete(java.lang.String)
2019/12/02-08:43 [restartedMain] INFO  org.springframework.web.servlet.mvc.method.annotation.RequestMappingHandlerMapping- Mapped "{[/manage/admin],methods=[GET]}" onto public com.demo.practical_training.common.response.QueryResponseResult com.demo.practical_training.manage.web.controller.AdminController.findList(com.demo.practical_training.common.web.STablePageRequest,com.demo.practical_training.model.request.QueryAdminRequest)
2019/12/02-08:43 [restartedMain] INFO  org.springframework.web.servlet.mvc.method.annotation.RequestMappingHandlerMapping- Mapped "{[/manage/admin/reviewUserVerified/{id}],methods=[PUT]}" onto public com.demo.practical_training.common.response.ResponseResult com.demo.practical_training.manage.web.controller.AdminController.reviewUserVerified(java.lang.String,com.demo.practical_training.entity.User)
2019/12/02-08:43 [restartedMain] INFO  org.springframework.web.servlet.mvc.method.annotation.RequestMappingHandlerMapping- Mapped "{[/manage/admin/reviewUserBecomePublish/{id}],methods=[PUT]}" onto public com.demo.practical_training.common.response.ResponseResult com.demo.practical_training.manage.web.controller.AdminController.reviewUserBecomePublish(java.lang.String,com.demo.practical_training.entity.User)
2019/12/02-08:43 [restartedMain] INFO  org.springframework.web.servlet.mvc.method.annotation.RequestMappingHandlerMapping- Mapped "{[/manage/admin/reviewNewsPublish/{id}],methods=[PUT]}" onto public com.demo.practical_training.common.response.ResponseResult com.demo.practical_training.manage.web.controller.AdminController.reviewNewsPublish(java.lang.String,com.demo.practical_training.entity.News)
2019/12/02-08:43 [restartedMain] INFO  org.springframework.web.servlet.mvc.method.annotation.RequestMappingHandlerMapping- Mapped "{[/manage/admin/reviewUserBecomeUser/{id}],methods=[PUT]}" onto public com.demo.practical_training.common.response.ResponseResult com.demo.practical_training.manage.web.controller.AdminController.reviewUserBecomeUser(java.lang.String,com.demo.practical_training.entity.User)
2019/12/02-08:43 [restartedMain] INFO  org.springframework.web.servlet.mvc.method.annotation.RequestMappingHandlerMapping- Mapped "{[/manage/admin/id/{id}],methods=[GET]}" onto public com.demo.practical_training.entity.Admin com.demo.practical_training.manage.web.controller.AdminController.findOne(java.lang.String)
2019/12/02-08:43 [restartedMain] INFO  org.springframework.web.servlet.mvc.method.annotation.RequestMappingHandlerMapping- Mapped "{[/manage/admin/ManagementAdmin/{id}],methods=[PUT]}" onto public com.demo.practical_training.common.response.ResponseResult com.demo.practical_training.manage.web.controller.AdminController.ManagementAdmin(java.lang.String,com.demo.practical_training.entity.Admin)
2019/12/02-08:43 [restartedMain] INFO  org.springframework.web.servlet.mvc.method.annotation.RequestMappingHandlerMapping- Mapped "{[/manage/admin/reviewUser/{id}],methods=[PUT]}" onto public com.demo.practical_training.common.response.ResponseResult com.demo.practical_training.manage.web.controller.AdminController.reviewUser(java.lang.String)
2019/12/02-08:43 [restartedMain] INFO  org.springframework.web.servlet.mvc.method.annotation.RequestMappingHandlerMapping- Mapped "{[/manage/admin/reviewNews/{id}],methods=[PUT]}" onto public com.demo.practical_training.common.response.ResponseResult com.demo.practical_training.manage.web.controller.AdminController.reviewNews(java.lang.String)
2019/12/02-08:43 [restartedMain] INFO  org.springframework.web.servlet.mvc.method.annotation.RequestMappingHandlerMapping- Mapped "{[/]}" onto public java.lang.String com.demo.practical_training.manage.web.controller.AdminLoginController.index(org.springframework.ui.ModelMap)
2019/12/02-08:43 [restartedMain] INFO  org.springframework.web.servlet.mvc.method.annotation.RequestMappingHandlerMapping- Mapped "{[/adminLogin],methods=[POST]}" onto public java.lang.String com.demo.practical_training.manage.web.controller.AdminLoginController.login(javax.servlet.http.HttpServletRequest)
2019/12/02-08:43 [restartedMain] INFO  org.springframework.web.servlet.mvc.method.annotation.RequestMappingHandlerMapping- Mapped "{[/adminLogin],methods=[GET]}" onto public java.lang.String com.demo.practical_training.manage.web.controller.AdminLoginController.login()
2019/12/02-08:43 [restartedMain] INFO  org.springframework.web.servlet.mvc.method.annotation.RequestMappingHandlerMapping- Mapped "{[/manage/NewsViolation],methods=[POST]}" onto public com.demo.practical_training.model.response.NewsViolationResult com.demo.practical_training.manage.web.controller.NesViolationController.add(com.demo.practical_training.entity.NewsViolation)
2019/12/02-08:43 [restartedMain] INFO  org.springframework.web.servlet.mvc.method.annotation.RequestMappingHandlerMapping- Mapped "{[/manage/NewsViolation/id/{id}],methods=[PUT]}" onto public com.demo.practical_training.model.response.NewsViolationResult com.demo.practical_training.manage.web.controller.NesViolationController.update(java.lang.String,com.demo.practical_training.entity.NewsViolation)
2019/12/02-08:43 [restartedMain] INFO  org.springframework.web.servlet.mvc.method.annotation.RequestMappingHandlerMapping- Mapped "{[/manage/NewsViolation/id/{id}],methods=[DELETE]}" onto public com.demo.practical_training.common.response.ResponseResult com.demo.practical_training.manage.web.controller.NesViolationController.delete(java.lang.String)
2019/12/02-08:43 [restartedMain] INFO  org.springframework.web.servlet.mvc.method.annotation.RequestMappingHandlerMapping- Mapped "{[/manage/NewsViolation],methods=[GET]}" onto public com.demo.practical_training.common.response.QueryResponseResult com.demo.practical_training.manage.web.controller.NesViolationController.findList(com.demo.practical_training.common.web.STablePageRequest,com.demo.practical_training.model.request.QueryNewsViolationRequest)
2019/12/02-08:43 [restartedMain] INFO  org.springframework.web.servlet.mvc.method.annotation.RequestMappingHandlerMapping- Mapped "{[/manage/NewsViolation/id/{id}],methods=[GET]}" onto public com.demo.practical_training.entity.NewsViolation com.demo.practical_training.manage.web.controller.NesViolationController.findOne(java.lang.String)
2019/12/02-08:43 [restartedMain] INFO  org.springframework.web.servlet.mvc.method.annotation.RequestMappingHandlerMapping- Mapped "{[/manage/news],methods=[POST]}" onto public com.demo.practical_training.model.response.NewsResult com.demo.practical_training.manage.web.controller.NewsController.add(com.demo.practical_training.entity.News)
2019/12/02-08:43 [restartedMain] INFO  org.springframework.web.servlet.mvc.method.annotation.RequestMappingHandlerMapping- Mapped "{[/manage/news/id/{id}],methods=[PUT]}" onto public com.demo.practical_training.model.response.NewsResult com.demo.practical_training.manage.web.controller.NewsController.update(java.lang.String,com.demo.practical_training.entity.News)
2019/12/02-08:43 [restartedMain] INFO  org.springframework.web.servlet.mvc.method.annotation.RequestMappingHandlerMapping- Mapped "{[/manage/news/id/{id}],methods=[DELETE]}" onto public com.demo.practical_training.common.response.ResponseResult com.demo.practical_training.manage.web.controller.NewsController.delete(java.lang.String)
2019/12/02-08:43 [restartedMain] INFO  org.springframework.web.servlet.mvc.method.annotation.RequestMappingHandlerMapping- Mapped "{[/manage/news],methods=[GET]}" onto public com.demo.practical_training.common.response.QueryResponseResult com.demo.practical_training.manage.web.controller.NewsController.findList(com.demo.practical_training.common.web.STablePageRequest,com.demo.practical_training.model.request.QueryNewsRequest)
2019/12/02-08:43 [restartedMain] INFO  org.springframework.web.servlet.mvc.method.annotation.RequestMappingHandlerMapping- Mapped "{[/manage/news/id/{id}],methods=[GET]}" onto public com.demo.practical_training.entity.News com.demo.practical_training.manage.web.controller.NewsController.findOne(java.lang.String)
2019/12/02-08:43 [restartedMain] INFO  org.springframework.web.servlet.mvc.method.annotation.RequestMappingHandlerMapping- Mapped "{[/manage/newsReport],methods=[POST]}" onto public com.demo.practical_training.model.response.NewsReportResult com.demo.practical_training.manage.web.controller.NewsReportController.add(com.demo.practical_training.entity.NewsReport)
2019/12/02-08:43 [restartedMain] INFO  org.springframework.web.servlet.mvc.method.annotation.RequestMappingHandlerMapping- Mapped "{[/manage/newsReport/id/{id}],methods=[PUT]}" onto public com.demo.practical_training.model.response.NewsReportResult com.demo.practical_training.manage.web.controller.NewsReportController.update(java.lang.String,com.demo.practical_training.entity.NewsReport)
2019/12/02-08:43 [restartedMain] INFO  org.springframework.web.servlet.mvc.method.annotation.RequestMappingHandlerMapping- Mapped "{[/manage/newsReport/id/{id}],methods=[DELETE]}" onto public com.demo.practical_training.common.response.ResponseResult com.demo.practical_training.manage.web.controller.NewsReportController.delete(java.lang.String)
2019/12/02-08:43 [restartedMain] INFO  org.springframework.web.servlet.mvc.method.annotation.RequestMappingHandlerMapping- Mapped "{[/manage/newsReport],methods=[GET]}" onto public com.demo.practical_training.common.response.QueryResponseResult com.demo.practical_training.manage.web.controller.NewsReportController.findList(com.demo.practical_training.common.web.STablePageRequest,com.demo.practical_training.model.request.QueryNewsReportRequest)
2019/12/02-08:43 [restartedMain] INFO  org.springframework.web.servlet.mvc.method.annotation.RequestMappingHandlerMapping- Mapped "{[/manage/newsReport/id/{id}],methods=[GET]}" onto public com.demo.practical_training.entity.NewsReport com.demo.practical_training.manage.web.controller.NewsReportController.findOne(java.lang.String)
2019/12/02-08:43 [restartedMain] INFO  org.springframework.web.servlet.mvc.method.annotation.RequestMappingHandlerMapping- Mapped "{[/manage/user],methods=[POST]}" onto public com.demo.practical_training.model.response.UserResult com.demo.practical_training.manage.web.controller.UserController.add(com.demo.practical_training.entity.User)
2019/12/02-08:43 [restartedMain] INFO  org.springframework.web.servlet.mvc.method.annotation.RequestMappingHandlerMapping- Mapped "{[/manage/user/id/{id}],methods=[PUT]}" onto public com.demo.practical_training.model.response.UserResult com.demo.practical_training.manage.web.controller.UserController.update(java.lang.String,com.demo.practical_training.entity.User)
2019/12/02-08:43 [restartedMain] INFO  org.springframework.web.servlet.mvc.method.annotation.RequestMappingHandlerMapping- Mapped "{[/manage/user/id/{id}],methods=[DELETE]}" onto public com.demo.practical_training.common.response.ResponseResult com.demo.practical_training.manage.web.controller.UserController.delete(java.lang.String)
2019/12/02-08:43 [restartedMain] INFO  org.springframework.web.servlet.mvc.method.annotation.RequestMappingHandlerMapping- Mapped "{[/manage/user],methods=[GET]}" onto public com.demo.practical_training.common.response.QueryResponseResult com.demo.practical_training.manage.web.controller.UserController.findList(com.demo.practical_training.common.web.STablePageRequest,com.demo.practical_training.model.request.QueryUserRequest)
2019/12/02-08:43 [restartedMain] INFO  org.springframework.web.servlet.mvc.method.annotation.RequestMappingHandlerMapping- Mapped "{[/manage/user/id/{id}],methods=[GET]}" onto public com.demo.practical_training.entity.User com.demo.practical_training.manage.web.controller.UserController.findOne(java.lang.String)
2019/12/02-08:43 [restartedMain] INFO  org.springframework.web.servlet.mvc.method.annotation.RequestMappingHandlerMapping- Mapped "{[/swagger-resources]}" onto public org.springframework.http.ResponseEntity<java.util.List<springfox.documentation.swagger.web.SwaggerResource>> springfox.documentation.swagger.web.ApiResourceController.swaggerResources()
2019/12/02-08:43 [restartedMain] INFO  org.springframework.web.servlet.mvc.method.annotation.RequestMappingHandlerMapping- Mapped "{[/swagger-resources/configuration/ui]}" onto public org.springframework.http.ResponseEntity<springfox.documentation.swagger.web.UiConfiguration> springfox.documentation.swagger.web.ApiResourceController.uiConfiguration()
2019/12/02-08:43 [restartedMain] INFO  org.springframework.web.servlet.mvc.method.annotation.RequestMappingHandlerMapping- Mapped "{[/swagger-resources/configuration/security]}" onto public org.springframework.http.ResponseEntity<springfox.documentation.swagger.web.SecurityConfiguration> springfox.documentation.swagger.web.ApiResourceController.securityConfiguration()
2019/12/02-08:43 [restartedMain] INFO  org.springframework.web.servlet.mvc.method.annotation.RequestMappingHandlerMapping- Mapped "{[/error]}" onto public org.springframework.http.ResponseEntity<java.util.Map<java.lang.String, java.lang.Object>> org.springframework.boot.autoconfigure.web.servlet.error.BasicErrorController.error(javax.servlet.http.HttpServletRequest)
2019/12/02-08:43 [restartedMain] INFO  org.springframework.web.servlet.mvc.method.annotation.RequestMappingHandlerMapping- Mapped "{[/error],produces=[text/html]}" onto public org.springframework.web.servlet.ModelAndView org.springframework.boot.autoconfigure.web.servlet.error.BasicErrorController.errorHtml(javax.servlet.http.HttpServletRequest,javax.servlet.http.HttpServletResponse)
2019/12/02-08:43 [restartedMain] INFO  org.springframework.web.servlet.mvc.method.annotation.RequestMappingHandlerAdapter- Looking for @ControllerAdvice: org.springframework.boot.web.servlet.context.AnnotationConfigServletWebServerApplicationContext@75cef82d: startup date [Mon Dec 02 08:42:54 CST 2019]; root of context hierarchy
2019/12/02-08:43 [restartedMain] INFO  org.springframework.web.servlet.mvc.method.annotation.ExceptionHandlerExceptionResolver- Detected @ExceptionHandler methods in exceptionCatch
2019/12/02-08:43 [restartedMain] INFO  springfox.documentation.spring.web.PropertySourcedRequestMappingHandlerMapping- Mapped URL path [/v2/api-docs] onto method [public org.springframework.http.ResponseEntity<springfox.documentation.spring.web.json.Json> springfox.documentation.swagger2.web.Swagger2Controller.getDocumentation(java.lang.String,javax.servlet.http.HttpServletRequest)]
2019/12/02-08:43 [restartedMain] INFO  org.springframework.boot.devtools.autoconfigure.OptionalLiveReloadServer- LiveReload server is running on port 35729
2019/12/02-08:43 [restartedMain] INFO  org.springframework.jmx.export.annotation.AnnotationMBeanExporter- Registering beans for JMX exposure on startup
2019/12/02-08:43 [restartedMain] INFO  org.springframework.jmx.export.annotation.AnnotationMBeanExporter- Bean with name 'dataSource' has been autodetected for JMX exposure
2019/12/02-08:43 [restartedMain] INFO  org.springframework.jmx.export.annotation.AnnotationMBeanExporter- Located MBean 'dataSource': registering with JMX server as MBean [com.zaxxer.hikari:name=dataSource,type=HikariDataSource]
2019/12/02-08:43 [restartedMain] INFO  org.springframework.context.support.DefaultLifecycleProcessor- Starting beans in phase 2147483647
2019/12/02-08:43 [restartedMain] INFO  springfox.documentation.spring.web.plugins.DocumentationPluginsBootstrapper- Context refreshed
2019/12/02-08:43 [restartedMain] INFO  springfox.documentation.spring.web.plugins.DocumentationPluginsBootstrapper- Found 1 custom documentation plugin(s)
2019/12/02-08:43 [restartedMain] INFO  springfox.documentation.spring.web.scanners.ApiListingReferenceScanner- Scanning for api listing references
2019/12/02-08:43 [restartedMain] WARN  springfox.documentation.spring.web.readers.parameter.ParameterDataTypeReader- Trying to infer dataType org.springframework.ui.ModelMap
2019/12/02-08:43 [restartedMain] WARN  springfox.documentation.spring.web.readers.parameter.ParameterDataTypeReader- Trying to infer dataType org.springframework.ui.ModelMap
2019/12/02-08:43 [restartedMain] WARN  springfox.documentation.spring.web.readers.parameter.ParameterDataTypeReader- Trying to infer dataType org.springframework.ui.ModelMap
2019/12/02-08:43 [restartedMain] WARN  springfox.documentation.spring.web.readers.parameter.ParameterDataTypeReader- Trying to infer dataType org.springframework.ui.ModelMap
2019/12/02-08:43 [restartedMain] WARN  springfox.documentation.spring.web.readers.parameter.ParameterDataTypeReader- Trying to infer dataType org.springframework.ui.ModelMap
2019/12/02-08:43 [restartedMain] WARN  springfox.documentation.spring.web.readers.parameter.ParameterDataTypeReader- Trying to infer dataType org.springframework.ui.ModelMap
2019/12/02-08:43 [restartedMain] WARN  springfox.documentation.spring.web.readers.parameter.ParameterDataTypeReader- Trying to infer dataType org.springframework.ui.ModelMap
2019/12/02-08:43 [restartedMain] WARN  springfox.documentation.spring.web.readers.parameter.ParameterDataTypeReader- Trying to infer dataType org.springframework.ui.ModelMap
2019/12/02-08:43 [restartedMain] INFO  springfox.documentation.spring.web.readers.operation.CachingOperationNameGenerator- Generating unique operation named: addUsingPOST_1
2019/12/02-08:43 [restartedMain] INFO  springfox.documentation.spring.web.readers.operation.CachingOperationNameGenerator- Generating unique operation named: deleteUsingDELETE_1
2019/12/02-08:43 [restartedMain] INFO  springfox.documentation.spring.web.readers.operation.CachingOperationNameGenerator- Generating unique operation named: findListUsingGET_1
2019/12/02-08:43 [restartedMain] INFO  springfox.documentation.spring.web.readers.operation.CachingOperationNameGenerator- Generating unique operation named: findOneUsingGET_1
2019/12/02-08:43 [restartedMain] INFO  springfox.documentation.spring.web.readers.operation.CachingOperationNameGenerator- Generating unique operation named: updateUsingPUT_1
2019/12/02-08:43 [restartedMain] INFO  springfox.documentation.spring.web.readers.operation.CachingOperationNameGenerator- Generating unique operation named: addUsingPOST_2
2019/12/02-08:43 [restartedMain] INFO  springfox.documentation.spring.web.readers.operation.CachingOperationNameGenerator- Generating unique operation named: deleteUsingDELETE_2
2019/12/02-08:43 [restartedMain] INFO  springfox.documentation.spring.web.readers.operation.CachingOperationNameGenerator- Generating unique operation named: findListUsingGET_2
2019/12/02-08:43 [restartedMain] INFO  springfox.documentation.spring.web.readers.operation.CachingOperationNameGenerator- Generating unique operation named: findOneUsingGET_2
2019/12/02-08:43 [restartedMain] INFO  springfox.documentation.spring.web.readers.operation.CachingOperationNameGenerator- Generating unique operation named: updateUsingPUT_2
2019/12/02-08:43 [restartedMain] INFO  springfox.documentation.spring.web.readers.operation.CachingOperationNameGenerator- Generating unique operation named: addUsingPOST_3
2019/12/02-08:43 [restartedMain] INFO  springfox.documentation.spring.web.readers.operation.CachingOperationNameGenerator- Generating unique operation named: deleteUsingDELETE_3
2019/12/02-08:43 [restartedMain] INFO  springfox.documentation.spring.web.readers.operation.CachingOperationNameGenerator- Generating unique operation named: findListUsingGET_3
2019/12/02-08:43 [restartedMain] INFO  springfox.documentation.spring.web.readers.operation.CachingOperationNameGenerator- Generating unique operation named: findOneUsingGET_3
2019/12/02-08:43 [restartedMain] INFO  springfox.documentation.spring.web.readers.operation.CachingOperationNameGenerator- Generating unique operation named: updateUsingPUT_3
2019/12/02-08:43 [restartedMain] INFO  springfox.documentation.spring.web.readers.operation.CachingOperationNameGenerator- Generating unique operation named: addUsingPOST_4
2019/12/02-08:43 [restartedMain] INFO  springfox.documentation.spring.web.readers.operation.CachingOperationNameGenerator- Generating unique operation named: deleteUsingDELETE_4
2019/12/02-08:43 [restartedMain] INFO  springfox.documentation.spring.web.readers.operation.CachingOperationNameGenerator- Generating unique operation named: findListUsingGET_4
2019/12/02-08:43 [restartedMain] INFO  springfox.documentation.spring.web.readers.operation.CachingOperationNameGenerator- Generating unique operation named: findOneUsingGET_4
2019/12/02-08:43 [restartedMain] INFO  springfox.documentation.spring.web.readers.operation.CachingOperationNameGenerator- Generating unique operation named: updateUsingPUT_4
2019/12/02-08:43 [restartedMain] INFO  org.springframework.boot.web.embedded.tomcat.TomcatWebServer- Tomcat started on port(s): 8888 (http) with context path ''
2019/12/02-08:43 [restartedMain] INFO  com.demo.practical_training.MainApplication- Started MainApplication in 17.08 seconds (JVM running for 18.75)
2019/12/02-08:43 [http-nio-8888-exec-1] INFO  org.apache.tomcat.util.http.parser.Cookie- A cookie header was received [1574664219] that contained an invalid cookie. That cookie will be ignored.Note: further occurrences of this error will be logged at DEBUG level.
2019/12/02-08:43 [http-nio-8888-exec-1] INFO  org.apache.catalina.core.ContainerBase.[Tomcat].[localhost].[/]- Initializing Spring FrameworkServlet 'dispatcherServlet'
2019/12/02-08:43 [http-nio-8888-exec-1] INFO  org.springframework.web.servlet.DispatcherServlet- FrameworkServlet 'dispatcherServlet': initialization started
2019/12/02-08:43 [http-nio-8888-exec-1] INFO  org.springframework.web.servlet.DispatcherServlet- FrameworkServlet 'dispatcherServlet': initialization completed in 20 ms
2019/12/02-08:43 [http-nio-8888-exec-1] WARN  org.springframework.web.servlet.PageNotFound- No mapping found for HTTP request with URI [/swagger-ui.html] in DispatcherServlet with name 'dispatcherServlet'
2019/12/02-08:56 [restartedMain] INFO  com.demo.practical_training.MainApplication- Starting MainApplication on LAPTOP-1PCFIL5N with PID 8256 (D:\ideaProject\news_manage_background\target\classes started by 王至仲 in D:\ideaProject\news_manage_background)
2019/12/02-08:56 [restartedMain] INFO  com.demo.practical_training.MainApplication- No active profile set, falling back to default profiles: default
2019/12/02-08:56 [restartedMain] INFO  org.springframework.boot.web.servlet.context.AnnotationConfigServletWebServerApplicationContext- Refreshing org.springframework.boot.web.servlet.context.AnnotationConfigServletWebServerApplicationContext@3658dd06: startup date [Mon Dec 02 08:56:02 CST 2019]; root of context hierarchy
2019/12/02-08:56 [restartedMain] INFO  org.springframework.context.support.PostProcessorRegistrationDelegate$BeanPostProcessorChecker- Bean 'org.springframework.transaction.annotation.ProxyTransactionManagementConfiguration' of type [org.springframework.transaction.annotation.ProxyTransactionManagementConfiguration$$EnhancerBySpringCGLIB$$462671a9] is not eligible for getting processed by all BeanPostProcessors (for example: not eligible for auto-proxying)
2019/12/02-08:56 [restartedMain] INFO  org.springframework.boot.web.embedded.tomcat.TomcatWebServer- Tomcat initialized with port(s): 8888 (http)
2019/12/02-08:56 [restartedMain] INFO  org.apache.catalina.core.StandardService- Starting service [Tomcat]
2019/12/02-08:56 [restartedMain] INFO  org.apache.catalina.core.StandardEngine- Starting Servlet Engine: Apache Tomcat/8.5.29
2019/12/02-08:56 [localhost-startStop-1] INFO  org.apache.catalina.core.AprLifecycleListener- Loaded APR based Apache Tomcat Native library [1.2.21] using APR version [1.6.5].
2019/12/02-08:56 [localhost-startStop-1] INFO  org.apache.catalina.core.AprLifecycleListener- APR capabilities: IPv6 [true], sendfile [true], accept filters [false], random [true].
2019/12/02-08:56 [localhost-startStop-1] INFO  org.apache.catalina.core.AprLifecycleListener- APR/OpenSSL configuration: useAprConnector [false], useOpenSSL [true]
2019/12/02-08:56 [localhost-startStop-1] INFO  org.apache.catalina.core.AprLifecycleListener- OpenSSL successfully initialized [OpenSSL 1.1.1a  20 Nov 2018]
2019/12/02-08:56 [localhost-startStop-1] INFO  org.apache.catalina.core.ContainerBase.[Tomcat].[localhost].[/]- Initializing Spring embedded WebApplicationContext
2019/12/02-08:56 [localhost-startStop-1] INFO  org.springframework.web.context.ContextLoader- Root WebApplicationContext: initialization completed in 2683 ms
2019/12/02-08:56 [localhost-startStop-1] INFO  org.springframework.boot.web.servlet.ServletRegistrationBean- Servlet dispatcherServlet mapped to [/]
2019/12/02-08:56 [localhost-startStop-1] INFO  org.springframework.boot.web.servlet.FilterRegistrationBean- Mapping filter: 'characterEncodingFilter' to: [/*]
2019/12/02-08:56 [restartedMain] INFO  com.zaxxer.hikari.HikariDataSource- HikariPool-1 - Starting...
2019/12/02-08:56 [restartedMain] INFO  com.zaxxer.hikari.HikariDataSource- HikariPool-1 - Start completed.
2019/12/02-08:56 [restartedMain] INFO  org.springframework.orm.jpa.LocalContainerEntityManagerFactoryBean- Building JPA container EntityManagerFactory for persistence unit 'default'
2019/12/02-08:56 [restartedMain] INFO  org.hibernate.jpa.internal.util.LogHelper- HHH000204: Processing PersistenceUnitInfo [
	name: default
	...]
2019/12/02-08:56 [restartedMain] INFO  org.hibernate.Version- HHH000412: Hibernate Core {5.2.16.Final}
2019/12/02-08:56 [restartedMain] INFO  org.hibernate.cfg.Environment- HHH000206: hibernate.properties not found
2019/12/02-08:56 [restartedMain] INFO  org.hibernate.annotations.common.Version- HCANN000001: Hibernate Commons Annotations {5.0.1.Final}
2019/12/02-08:56 [restartedMain] INFO  org.hibernate.dialect.Dialect- HHH000400: Using dialect: org.hibernate.dialect.MySQL5InnoDBDialect
2019/12/02-08:56 [restartedMain] WARN  org.hibernate.id.UUIDHexGenerator- HHH000409: Using org.hibernate.id.UUIDHexGenerator which does not generate IETF RFC 4122 compliant UUID values; consider using org.hibernate.id.UUIDGenerator instead
2019/12/02-08:56 [restartedMain] INFO  org.springframework.orm.jpa.LocalContainerEntityManagerFactoryBean- Initialized JPA EntityManagerFactory for persistence unit 'default'
2019/12/02-08:56 [restartedMain] INFO  org.springframework.web.servlet.mvc.method.annotation.RequestMappingHandlerMapping- Mapped "{[/manage/admin],methods=[POST]}" onto public com.demo.practical_training.model.response.AdminResult com.demo.practical_training.manage.web.controller.AdminController.add(com.demo.practical_training.entity.Admin)
2019/12/02-08:56 [restartedMain] INFO  org.springframework.web.servlet.mvc.method.annotation.RequestMappingHandlerMapping- Mapped "{[/manage/admin/id/{id}],methods=[PUT]}" onto public com.demo.practical_training.model.response.AdminResult com.demo.practical_training.manage.web.controller.AdminController.update(java.lang.String,com.demo.practical_training.entity.Admin)
2019/12/02-08:56 [restartedMain] INFO  org.springframework.web.servlet.mvc.method.annotation.RequestMappingHandlerMapping- Mapped "{[/manage/admin/id/{id}],methods=[DELETE]}" onto public com.demo.practical_training.common.response.ResponseResult com.demo.practical_training.manage.web.controller.AdminController.delete(java.lang.String)
2019/12/02-08:56 [restartedMain] INFO  org.springframework.web.servlet.mvc.method.annotation.RequestMappingHandlerMapping- Mapped "{[/manage/admin/id/{id}],methods=[GET]}" onto public com.demo.practical_training.entity.Admin com.demo.practical_training.manage.web.controller.AdminController.findOne(java.lang.String)
2019/12/02-08:56 [restartedMain] INFO  org.springframework.web.servlet.mvc.method.annotation.RequestMappingHandlerMapping- Mapped "{[/manage/admin/reviewUserBecomeUser/{id}],methods=[PUT]}" onto public com.demo.practical_training.common.response.ResponseResult com.demo.practical_training.manage.web.controller.AdminController.reviewUserBecomeUser(java.lang.String,com.demo.practical_training.entity.User)
2019/12/02-08:56 [restartedMain] INFO  org.springframework.web.servlet.mvc.method.annotation.RequestMappingHandlerMapping- Mapped "{[/manage/admin/reviewUserVerified/{id}],methods=[PUT]}" onto public com.demo.practical_training.common.response.ResponseResult com.demo.practical_training.manage.web.controller.AdminController.reviewUserVerified(java.lang.String,com.demo.practical_training.entity.User)
2019/12/02-08:56 [restartedMain] INFO  org.springframework.web.servlet.mvc.method.annotation.RequestMappingHandlerMapping- Mapped "{[/manage/admin/reviewUserBecomePublish/{id}],methods=[PUT]}" onto public com.demo.practical_training.common.response.ResponseResult com.demo.practical_training.manage.web.controller.AdminController.reviewUserBecomePublish(java.lang.String,com.demo.practical_training.entity.User)
2019/12/02-08:56 [restartedMain] INFO  org.springframework.web.servlet.mvc.method.annotation.RequestMappingHandlerMapping- Mapped "{[/manage/admin/reviewNewsPublish/{id}],methods=[PUT]}" onto public com.demo.practical_training.common.response.ResponseResult com.demo.practical_training.manage.web.controller.AdminController.reviewNewsPublish(java.lang.String,com.demo.practical_training.entity.News)
2019/12/02-08:56 [restartedMain] INFO  org.springframework.web.servlet.mvc.method.annotation.RequestMappingHandlerMapping- Mapped "{[/manage/admin],methods=[GET]}" onto public com.demo.practical_training.common.response.QueryResponseResult com.demo.practical_training.manage.web.controller.AdminController.findList(com.demo.practical_training.common.web.STablePageRequest,com.demo.practical_training.model.request.QueryAdminRequest)
2019/12/02-08:56 [restartedMain] INFO  org.springframework.web.servlet.mvc.method.annotation.RequestMappingHandlerMapping- Mapped "{[/manage/admin/ManagementAdmin/{id}],methods=[PUT]}" onto public com.demo.practical_training.common.response.ResponseResult com.demo.practical_training.manage.web.controller.AdminController.ManagementAdmin(java.lang.String,com.demo.practical_training.entity.Admin)
2019/12/02-08:56 [restartedMain] INFO  org.springframework.web.servlet.mvc.method.annotation.RequestMappingHandlerMapping- Mapped "{[/manage/admin/reviewNews/{id}],methods=[PUT]}" onto public com.demo.practical_training.common.response.ResponseResult com.demo.practical_training.manage.web.controller.AdminController.reviewNews(java.lang.String)
2019/12/02-08:56 [restartedMain] INFO  org.springframework.web.servlet.mvc.method.annotation.RequestMappingHandlerMapping- Mapped "{[/manage/admin/reviewUser/{id}],methods=[PUT]}" onto public com.demo.practical_training.common.response.ResponseResult com.demo.practical_training.manage.web.controller.AdminController.reviewUser(java.lang.String)
2019/12/02-08:56 [restartedMain] INFO  org.springframework.web.servlet.mvc.method.annotation.RequestMappingHandlerMapping- Mapped "{[/]}" onto public java.lang.String com.demo.practical_training.manage.web.controller.AdminLoginController.index(org.springframework.ui.ModelMap)
2019/12/02-08:56 [restartedMain] INFO  org.springframework.web.servlet.mvc.method.annotation.RequestMappingHandlerMapping- Mapped "{[/adminLogin],methods=[POST]}" onto public java.lang.String com.demo.practical_training.manage.web.controller.AdminLoginController.login(javax.servlet.http.HttpServletRequest)
2019/12/02-08:56 [restartedMain] INFO  org.springframework.web.servlet.mvc.method.annotation.RequestMappingHandlerMapping- Mapped "{[/adminLogin],methods=[GET]}" onto public java.lang.String com.demo.practical_training.manage.web.controller.AdminLoginController.login()
2019/12/02-08:56 [restartedMain] INFO  org.springframework.web.servlet.mvc.method.annotation.RequestMappingHandlerMapping- Mapped "{[/manage/NewsViolation],methods=[POST]}" onto public com.demo.practical_training.model.response.NewsViolationResult com.demo.practical_training.manage.web.controller.NesViolationController.add(com.demo.practical_training.entity.NewsViolation)
2019/12/02-08:56 [restartedMain] INFO  org.springframework.web.servlet.mvc.method.annotation.RequestMappingHandlerMapping- Mapped "{[/manage/NewsViolation/id/{id}],methods=[PUT]}" onto public com.demo.practical_training.model.response.NewsViolationResult com.demo.practical_training.manage.web.controller.NesViolationController.update(java.lang.String,com.demo.practical_training.entity.NewsViolation)
2019/12/02-08:56 [restartedMain] INFO  org.springframework.web.servlet.mvc.method.annotation.RequestMappingHandlerMapping- Mapped "{[/manage/NewsViolation/id/{id}],methods=[DELETE]}" onto public com.demo.practical_training.common.response.ResponseResult com.demo.practical_training.manage.web.controller.NesViolationController.delete(java.lang.String)
2019/12/02-08:56 [restartedMain] INFO  org.springframework.web.servlet.mvc.method.annotation.RequestMappingHandlerMapping- Mapped "{[/manage/NewsViolation/id/{id}],methods=[GET]}" onto public com.demo.practical_training.entity.NewsViolation com.demo.practical_training.manage.web.controller.NesViolationController.findOne(java.lang.String)
2019/12/02-08:56 [restartedMain] INFO  org.springframework.web.servlet.mvc.method.annotation.RequestMappingHandlerMapping- Mapped "{[/manage/NewsViolation],methods=[GET]}" onto public com.demo.practical_training.common.response.QueryResponseResult com.demo.practical_training.manage.web.controller.NesViolationController.findList(com.demo.practical_training.common.web.STablePageRequest,com.demo.practical_training.model.request.QueryNewsViolationRequest)
2019/12/02-08:56 [restartedMain] INFO  org.springframework.web.servlet.mvc.method.annotation.RequestMappingHandlerMapping- Mapped "{[/manage/news],methods=[POST]}" onto public com.demo.practical_training.model.response.NewsResult com.demo.practical_training.manage.web.controller.NewsController.add(com.demo.practical_training.entity.News)
2019/12/02-08:56 [restartedMain] INFO  org.springframework.web.servlet.mvc.method.annotation.RequestMappingHandlerMapping- Mapped "{[/manage/news/id/{id}],methods=[PUT]}" onto public com.demo.practical_training.model.response.NewsResult com.demo.practical_training.manage.web.controller.NewsController.update(java.lang.String,com.demo.practical_training.entity.News)
2019/12/02-08:56 [restartedMain] INFO  org.springframework.web.servlet.mvc.method.annotation.RequestMappingHandlerMapping- Mapped "{[/manage/news/id/{id}],methods=[DELETE]}" onto public com.demo.practical_training.common.response.ResponseResult com.demo.practical_training.manage.web.controller.NewsController.delete(java.lang.String)
2019/12/02-08:56 [restartedMain] INFO  org.springframework.web.servlet.mvc.method.annotation.RequestMappingHandlerMapping- Mapped "{[/manage/news/id/{id}],methods=[GET]}" onto public com.demo.practical_training.entity.News com.demo.practical_training.manage.web.controller.NewsController.findOne(java.lang.String)
2019/12/02-08:56 [restartedMain] INFO  org.springframework.web.servlet.mvc.method.annotation.RequestMappingHandlerMapping- Mapped "{[/manage/news],methods=[GET]}" onto public com.demo.practical_training.common.response.QueryResponseResult com.demo.practical_training.manage.web.controller.NewsController.findList(com.demo.practical_training.common.web.STablePageRequest,com.demo.practical_training.model.request.QueryNewsRequest)
2019/12/02-08:56 [restartedMain] INFO  org.springframework.web.servlet.mvc.method.annotation.RequestMappingHandlerMapping- Mapped "{[/manage/newsReport],methods=[POST]}" onto public com.demo.practical_training.model.response.NewsReportResult com.demo.practical_training.manage.web.controller.NewsReportController.add(com.demo.practical_training.entity.NewsReport)
2019/12/02-08:56 [restartedMain] INFO  org.springframework.web.servlet.mvc.method.annotation.RequestMappingHandlerMapping- Mapped "{[/manage/newsReport/id/{id}],methods=[PUT]}" onto public com.demo.practical_training.model.response.NewsReportResult com.demo.practical_training.manage.web.controller.NewsReportController.update(java.lang.String,com.demo.practical_training.entity.NewsReport)
2019/12/02-08:56 [restartedMain] INFO  org.springframework.web.servlet.mvc.method.annotation.RequestMappingHandlerMapping- Mapped "{[/manage/newsReport/id/{id}],methods=[DELETE]}" onto public com.demo.practical_training.common.response.ResponseResult com.demo.practical_training.manage.web.controller.NewsReportController.delete(java.lang.String)
2019/12/02-08:56 [restartedMain] INFO  org.springframework.web.servlet.mvc.method.annotation.RequestMappingHandlerMapping- Mapped "{[/manage/newsReport/id/{id}],methods=[GET]}" onto public com.demo.practical_training.entity.NewsReport com.demo.practical_training.manage.web.controller.NewsReportController.findOne(java.lang.String)
2019/12/02-08:56 [restartedMain] INFO  org.springframework.web.servlet.mvc.method.annotation.RequestMappingHandlerMapping- Mapped "{[/manage/newsReport],methods=[GET]}" onto public com.demo.practical_training.common.response.QueryResponseResult com.demo.practical_training.manage.web.controller.NewsReportController.findList(com.demo.practical_training.common.web.STablePageRequest,com.demo.practical_training.model.request.QueryNewsReportRequest)
2019/12/02-08:56 [restartedMain] INFO  org.springframework.web.servlet.mvc.method.annotation.RequestMappingHandlerMapping- Mapped "{[/manage/user],methods=[POST]}" onto public com.demo.practical_training.model.response.UserResult com.demo.practical_training.manage.web.controller.UserController.add(com.demo.practical_training.entity.User)
2019/12/02-08:56 [restartedMain] INFO  org.springframework.web.servlet.mvc.method.annotation.RequestMappingHandlerMapping- Mapped "{[/manage/user/id/{id}],methods=[PUT]}" onto public com.demo.practical_training.model.response.UserResult com.demo.practical_training.manage.web.controller.UserController.update(java.lang.String,com.demo.practical_training.entity.User)
2019/12/02-08:56 [restartedMain] INFO  org.springframework.web.servlet.mvc.method.annotation.RequestMappingHandlerMapping- Mapped "{[/manage/user/id/{id}],methods=[DELETE]}" onto public com.demo.practical_training.common.response.ResponseResult com.demo.practical_training.manage.web.controller.UserController.delete(java.lang.String)
2019/12/02-08:56 [restartedMain] INFO  org.springframework.web.servlet.mvc.method.annotation.RequestMappingHandlerMapping- Mapped "{[/manage/user/id/{id}],methods=[GET]}" onto public com.demo.practical_training.entity.User com.demo.practical_training.manage.web.controller.UserController.findOne(java.lang.String)
2019/12/02-08:56 [restartedMain] INFO  org.springframework.web.servlet.mvc.method.annotation.RequestMappingHandlerMapping- Mapped "{[/manage/user],methods=[GET]}" onto public com.demo.practical_training.common.response.QueryResponseResult com.demo.practical_training.manage.web.controller.UserController.findList(com.demo.practical_training.common.web.STablePageRequest,com.demo.practical_training.model.request.QueryUserRequest)
2019/12/02-08:56 [restartedMain] INFO  org.springframework.web.servlet.mvc.method.annotation.RequestMappingHandlerMapping- Mapped "{[/swagger-resources/configuration/security]}" onto public org.springframework.http.ResponseEntity<springfox.documentation.swagger.web.SecurityConfiguration> springfox.documentation.swagger.web.ApiResourceController.securityConfiguration()
2019/12/02-08:56 [restartedMain] INFO  org.springframework.web.servlet.mvc.method.annotation.RequestMappingHandlerMapping- Mapped "{[/swagger-resources/configuration/ui]}" onto public org.springframework.http.ResponseEntity<springfox.documentation.swagger.web.UiConfiguration> springfox.documentation.swagger.web.ApiResourceController.uiConfiguration()
2019/12/02-08:56 [restartedMain] INFO  org.springframework.web.servlet.mvc.method.annotation.RequestMappingHandlerMapping- Mapped "{[/swagger-resources]}" onto public org.springframework.http.ResponseEntity<java.util.List<springfox.documentation.swagger.web.SwaggerResource>> springfox.documentation.swagger.web.ApiResourceController.swaggerResources()
2019/12/02-08:56 [restartedMain] INFO  org.springframework.web.servlet.mvc.method.annotation.RequestMappingHandlerMapping- Mapped "{[/error]}" onto public org.springframework.http.ResponseEntity<java.util.Map<java.lang.String, java.lang.Object>> org.springframework.boot.autoconfigure.web.servlet.error.BasicErrorController.error(javax.servlet.http.HttpServletRequest)
2019/12/02-08:56 [restartedMain] INFO  org.springframework.web.servlet.mvc.method.annotation.RequestMappingHandlerMapping- Mapped "{[/error],produces=[text/html]}" onto public org.springframework.web.servlet.ModelAndView org.springframework.boot.autoconfigure.web.servlet.error.BasicErrorController.errorHtml(javax.servlet.http.HttpServletRequest,javax.servlet.http.HttpServletResponse)
2019/12/02-08:56 [restartedMain] INFO  org.springframework.web.servlet.mvc.method.annotation.RequestMappingHandlerAdapter- Looking for @ControllerAdvice: org.springframework.boot.web.servlet.context.AnnotationConfigServletWebServerApplicationContext@3658dd06: startup date [Mon Dec 02 08:56:02 CST 2019]; root of context hierarchy
2019/12/02-08:56 [restartedMain] INFO  org.springframework.web.servlet.mvc.method.annotation.ExceptionHandlerExceptionResolver- Detected @ExceptionHandler methods in exceptionCatch
2019/12/02-08:56 [restartedMain] INFO  springfox.documentation.spring.web.PropertySourcedRequestMappingHandlerMapping- Mapped URL path [/v2/api-docs] onto method [public org.springframework.http.ResponseEntity<springfox.documentation.spring.web.json.Json> springfox.documentation.swagger2.web.Swagger2Controller.getDocumentation(java.lang.String,javax.servlet.http.HttpServletRequest)]
2019/12/02-08:56 [restartedMain] INFO  org.springframework.boot.devtools.autoconfigure.OptionalLiveReloadServer- LiveReload server is running on port 35729
2019/12/02-08:56 [restartedMain] INFO  org.springframework.jmx.export.annotation.AnnotationMBeanExporter- Registering beans for JMX exposure on startup
2019/12/02-08:56 [restartedMain] INFO  org.springframework.jmx.export.annotation.AnnotationMBeanExporter- Bean with name 'dataSource' has been autodetected for JMX exposure
2019/12/02-08:56 [restartedMain] INFO  org.springframework.jmx.export.annotation.AnnotationMBeanExporter- Located MBean 'dataSource': registering with JMX server as MBean [com.zaxxer.hikari:name=dataSource,type=HikariDataSource]
2019/12/02-08:56 [restartedMain] INFO  org.springframework.context.support.DefaultLifecycleProcessor- Starting beans in phase 2147483647
2019/12/02-08:56 [restartedMain] INFO  springfox.documentation.spring.web.plugins.DocumentationPluginsBootstrapper- Context refreshed
2019/12/02-08:56 [restartedMain] INFO  springfox.documentation.spring.web.plugins.DocumentationPluginsBootstrapper- Found 1 custom documentation plugin(s)
2019/12/02-08:56 [restartedMain] INFO  springfox.documentation.spring.web.scanners.ApiListingReferenceScanner- Scanning for api listing references
2019/12/02-08:56 [restartedMain] INFO  org.springframework.boot.web.embedded.tomcat.TomcatWebServer- Tomcat started on port(s): 8888 (http) with context path ''
2019/12/02-08:56 [restartedMain] INFO  com.demo.practical_training.MainApplication- Started MainApplication in 16.805 seconds (JVM running for 18.116)
2019/12/02-08:56 [http-nio-8888-exec-1] INFO  org.apache.tomcat.util.http.parser.Cookie- A cookie header was received [1574664219] that contained an invalid cookie. That cookie will be ignored.Note: further occurrences of this error will be logged at DEBUG level.
2019/12/02-08:56 [http-nio-8888-exec-1] INFO  org.apache.catalina.core.ContainerBase.[Tomcat].[localhost].[/]- Initializing Spring FrameworkServlet 'dispatcherServlet'
2019/12/02-08:56 [http-nio-8888-exec-1] INFO  org.springframework.web.servlet.DispatcherServlet- FrameworkServlet 'dispatcherServlet': initialization started
2019/12/02-08:56 [http-nio-8888-exec-1] INFO  org.springframework.web.servlet.DispatcherServlet- FrameworkServlet 'dispatcherServlet': initialization completed in 20 ms
2019/12/02-08:56 [http-nio-8888-exec-1] WARN  org.springframework.web.servlet.PageNotFound- No mapping found for HTTP request with URI [/swagger-ui.html] in DispatcherServlet with name 'dispatcherServlet'
2019/12/02-08:56 [http-nio-8888-exec-2] WARN  org.springframework.web.servlet.PageNotFound- No mapping found for HTTP request with URI [/swagger-ui.html] in DispatcherServlet with name 'dispatcherServlet'
